Analysis & Synthesis report for DE1_SoC
Sun Nov 28 15:20:44 2021
Quartus Prime Version 17.0.0 Build 595 04/25/2017 SJ Lite Edition


---------------------
; Table of Contents ;
---------------------
  1. Legal Notice
  2. Analysis & Synthesis Summary
  3. Analysis & Synthesis Settings
  4. Parallel Compilation
  5. Analysis & Synthesis Source Files Read
  6. Analysis & Synthesis Resource Usage Summary
  7. Analysis & Synthesis Resource Utilization by Entity
  8. State Machine - |DE1_SoC|tugOfWar:war|winning:REX|ps
  9. Registers Removed During Synthesis
 10. General Register Statistics
 11. Parameter Settings for User Entity Instance: tugOfWar:war|normalLight:light9
 12. Parameter Settings for User Entity Instance: tugOfWar:war|normalLight:light8
 13. Parameter Settings for User Entity Instance: tugOfWar:war|normalLight:light7
 14. Parameter Settings for User Entity Instance: tugOfWar:war|normalLight:light6
 15. Parameter Settings for User Entity Instance: tugOfWar:war|centerLight:center
 16. Parameter Settings for User Entity Instance: tugOfWar:war|normalLight:light4
 17. Parameter Settings for User Entity Instance: tugOfWar:war|normalLight:light3
 18. Parameter Settings for User Entity Instance: tugOfWar:war|normalLight:light2
 19. Parameter Settings for User Entity Instance: tugOfWar:war|normalLight:light1
 20. Parameter Settings for User Entity Instance: tugOfWar:war|winning:REX
 21. Port Connectivity Checks: "tugOfWar:war|normalLight:light1"
 22. Port Connectivity Checks: "tugOfWar:war|normalLight:light9"
 23. Post-Synthesis Netlist Statistics for Top Partition
 24. Elapsed Time Per Partition
 25. Analysis & Synthesis Messages
 26. Analysis & Synthesis Suppressed Messages



----------------
; Legal Notice ;
----------------
Copyright (C) 2017  Intel Corporation. All rights reserved.
Your use of Intel Corporation's design tools, logic functions 
and other software and tools, and its AMPP partner logic 
functions, and any output files from any of the foregoing 
(including device programming or simulation files), and any 
associated documentation or information are expressly subject 
to the terms and conditions of the Intel Program License 
Subscription Agreement, the Intel Quartus Prime License Agreement,
the Intel MegaCore Function License Agreement, or other 
applicable license agreement, including, without limitation, 
that your use is for the sole purpose of programming logic 
devices manufactured by Intel and sold by Intel or its 
authorized distributors.  Please refer to the applicable 
agreement for further details.



+-------------------------------------------------------------------------------+
; Analysis & Synthesis Summary                                                  ;
+---------------------------------+---------------------------------------------+
; Analysis & Synthesis Status     ; Successful - Sun Nov 28 15:20:44 2021       ;
; Quartus Prime Version           ; 17.0.0 Build 595 04/25/2017 SJ Lite Edition ;
; Revision Name                   ; DE1_SoC                                     ;
; Top-level Entity Name           ; DE1_SoC                                     ;
; Family                          ; Cyclone V                                   ;
; Logic utilization (in ALMs)     ; N/A                                         ;
; Total registers                 ; 15                                          ;
; Total pins                      ; 67                                          ;
; Total virtual pins              ; 0                                           ;
; Total block memory bits         ; 0                                           ;
; Total DSP Blocks                ; 0                                           ;
; Total HSSI RX PCSs              ; 0                                           ;
; Total HSSI PMA RX Deserializers ; 0                                           ;
; Total HSSI TX PCSs              ; 0                                           ;
; Total HSSI PMA TX Serializers   ; 0                                           ;
; Total PLLs                      ; 0                                           ;
; Total DLLs                      ; 0                                           ;
+---------------------------------+---------------------------------------------+


+---------------------------------------------------------------------------------------------------------------------------+
; Analysis & Synthesis Settings                                                                                             ;
+---------------------------------------------------------------------------------+--------------------+--------------------+
; Option                                                                          ; Setting            ; Default Value      ;
+---------------------------------------------------------------------------------+--------------------+--------------------+
; Device                                                                          ; 5CSEMA5F31C6       ;                    ;
; Top-level entity name                                                           ; DE1_SoC            ; DE1_SoC            ;
; Family name                                                                     ; Cyclone V          ; Cyclone V          ;
; State Machine Processing                                                        ; User-Encoded       ; Auto               ;
; Use smart compilation                                                           ; Off                ; Off                ;
; Enable parallel Assembler and TimeQuest Timing Analyzer during compilation      ; On                 ; On                 ;
; Enable compact report table                                                     ; Off                ; Off                ;
; Restructure Multiplexers                                                        ; Auto               ; Auto               ;
; MLAB Add Timing Constraints For Mixed-Port Feed-Through Mode Setting Don't Care ; Off                ; Off                ;
; Create Debugging Nodes for IP Cores                                             ; Off                ; Off                ;
; Preserve fewer node names                                                       ; On                 ; On                 ;
; OpenCore Plus hardware evaluation                                               ; Enable             ; Enable             ;
; Verilog Version                                                                 ; Verilog_2001       ; Verilog_2001       ;
; VHDL Version                                                                    ; VHDL_1993          ; VHDL_1993          ;
; Safe State Machine                                                              ; Off                ; Off                ;
; Extract Verilog State Machines                                                  ; On                 ; On                 ;
; Extract VHDL State Machines                                                     ; On                 ; On                 ;
; Ignore Verilog initial constructs                                               ; Off                ; Off                ;
; Iteration limit for constant Verilog loops                                      ; 5000               ; 5000               ;
; Iteration limit for non-constant Verilog loops                                  ; 250                ; 250                ;
; Add Pass-Through Logic to Inferred RAMs                                         ; On                 ; On                 ;
; Infer RAMs from Raw Logic                                                       ; On                 ; On                 ;
; Parallel Synthesis                                                              ; On                 ; On                 ;
; DSP Block Balancing                                                             ; Auto               ; Auto               ;
; NOT Gate Push-Back                                                              ; On                 ; On                 ;
; Power-Up Don't Care                                                             ; On                 ; On                 ;
; Remove Redundant Logic Cells                                                    ; Off                ; Off                ;
; Remove Duplicate Registers                                                      ; On                 ; On                 ;
; Ignore CARRY Buffers                                                            ; Off                ; Off                ;
; Ignore CASCADE Buffers                                                          ; Off                ; Off                ;
; Ignore GLOBAL Buffers                                                           ; Off                ; Off                ;
; Ignore ROW GLOBAL Buffers                                                       ; Off                ; Off                ;
; Ignore LCELL Buffers                                                            ; Off                ; Off                ;
; Ignore SOFT Buffers                                                             ; On                 ; On                 ;
; Limit AHDL Integers to 32 Bits                                                  ; Off                ; Off                ;
; Optimization Technique                                                          ; Balanced           ; Balanced           ;
; Carry Chain Length                                                              ; 70                 ; 70                 ;
; Auto Carry Chains                                                               ; On                 ; On                 ;
; Auto Open-Drain Pins                                                            ; On                 ; On                 ;
; Perform WYSIWYG Primitive Resynthesis                                           ; Off                ; Off                ;
; Auto ROM Replacement                                                            ; On                 ; On                 ;
; Auto RAM Replacement                                                            ; On                 ; On                 ;
; Auto DSP Block Replacement                                                      ; On                 ; On                 ;
; Auto Shift Register Replacement                                                 ; Auto               ; Auto               ;
; Allow Shift Register Merging across Hierarchies                                 ; Auto               ; Auto               ;
; Auto Clock Enable Replacement                                                   ; On                 ; On                 ;
; Strict RAM Replacement                                                          ; Off                ; Off                ;
; Allow Synchronous Control Signals                                               ; On                 ; On                 ;
; Force Use of Synchronous Clear Signals                                          ; Off                ; Off                ;
; Auto Resource Sharing                                                           ; Off                ; Off                ;
; Allow Any RAM Size For Recognition                                              ; Off                ; Off                ;
; Allow Any ROM Size For Recognition                                              ; Off                ; Off                ;
; Allow Any Shift Register Size For Recognition                                   ; Off                ; Off                ;
; Use LogicLock Constraints during Resource Balancing                             ; On                 ; On                 ;
; Ignore translate_off and synthesis_off directives                               ; Off                ; Off                ;
; Timing-Driven Synthesis                                                         ; On                 ; On                 ;
; Report Parameter Settings                                                       ; On                 ; On                 ;
; Report Source Assignments                                                       ; On                 ; On                 ;
; Report Connectivity Checks                                                      ; On                 ; On                 ;
; Ignore Maximum Fan-Out Assignments                                              ; Off                ; Off                ;
; Synchronization Register Chain Length                                           ; 3                  ; 3                  ;
; PowerPlay Power Optimization During Synthesis                                   ; Normal compilation ; Normal compilation ;
; HDL message level                                                               ; Level2             ; Level2             ;
; Suppress Register Optimization Related Messages                                 ; Off                ; Off                ;
; Number of Removed Registers Reported in Synthesis Report                        ; 5000               ; 5000               ;
; Number of Swept Nodes Reported in Synthesis Report                              ; 5000               ; 5000               ;
; Number of Inverted Registers Reported in Synthesis Report                       ; 100                ; 100                ;
; Clock MUX Protection                                                            ; On                 ; On                 ;
; Auto Gated Clock Conversion                                                     ; Off                ; Off                ;
; Block Design Naming                                                             ; Auto               ; Auto               ;
; SDC constraint protection                                                       ; Off                ; Off                ;
; Synthesis Effort                                                                ; Auto               ; Auto               ;
; Shift Register Replacement - Allow Asynchronous Clear Signal                    ; On                 ; On                 ;
; Pre-Mapping Resynthesis Optimization                                            ; Off                ; Off                ;
; Analysis & Synthesis Message Level                                              ; Medium             ; Medium             ;
; Disable Register Merging Across Hierarchies                                     ; Auto               ; Auto               ;
; Resource Aware Inference For Block RAM                                          ; On                 ; On                 ;
; Automatic Parallel Synthesis                                                    ; On                 ; On                 ;
; Partial Reconfiguration Bitstream ID                                            ; Off                ; Off                ;
+---------------------------------------------------------------------------------+--------------------+--------------------+


+------------------------------------------+
; Parallel Compilation                     ;
+----------------------------+-------------+
; Processors                 ; Number      ;
+----------------------------+-------------+
; Number detected on machine ; 20          ;
; Maximum allowed            ; 10          ;
;                            ;             ;
; Average used               ; 1.00        ;
; Maximum used               ; 10          ;
;                            ;             ;
; Usage by Processor         ; % Time Used ;
;     Processor 1            ; 100.0%      ;
;     Processors 2-10        ;   0.0%      ;
+----------------------------+-------------+


+----------------------------------------------------------------------------------------------------------------------------------------------------------------+
; Analysis & Synthesis Source Files Read                                                                                                                         ;
+----------------------------------+-----------------+------------------------------+------------------------------------------------------------------+---------+
; File Name with User-Entered Path ; Used in Netlist ; File Type                    ; File Name with Absolute Path                                     ; Library ;
+----------------------------------+-----------------+------------------------------+------------------------------------------------------------------+---------+
; button.sv                        ; yes             ; User SystemVerilog HDL File  ; C:/Users/alanl/Documents/UW/EE 271/EE271labs/lab6/button.sv      ;         ;
; DE1_SoC.sv                       ; yes             ; User SystemVerilog HDL File  ; C:/Users/alanl/Documents/UW/EE 271/EE271labs/lab6/DE1_SoC.sv     ;         ;
; centerLight.sv                   ; yes             ; User SystemVerilog HDL File  ; C:/Users/alanl/Documents/UW/EE 271/EE271labs/lab6/centerLight.sv ;         ;
; normalLight.sv                   ; yes             ; User SystemVerilog HDL File  ; C:/Users/alanl/Documents/UW/EE 271/EE271labs/lab6/normalLight.sv ;         ;
; tugOfWar.sv                      ; yes             ; User SystemVerilog HDL File  ; C:/Users/alanl/Documents/UW/EE 271/EE271labs/lab6/tugOfWar.sv    ;         ;
; inputDeal.sv                     ; yes             ; User SystemVerilog HDL File  ; C:/Users/alanl/Documents/UW/EE 271/EE271labs/lab6/inputDeal.sv   ;         ;
; winning.sv                       ; yes             ; User SystemVerilog HDL File  ; C:/Users/alanl/Documents/UW/EE 271/EE271labs/lab6/winning.sv     ;         ;
+----------------------------------+-----------------+------------------------------+------------------------------------------------------------------+---------+


+-----------------------------------------------------------+
; Analysis & Synthesis Resource Usage Summary               ;
+---------------------------------------------+-------------+
; Resource                                    ; Usage       ;
+---------------------------------------------+-------------+
; Estimate of Logic utilization (ALMs needed) ; 13          ;
;                                             ;             ;
; Combinational ALUT usage for logic          ; 22          ;
;     -- 7 input functions                    ; 0           ;
;     -- 6 input functions                    ; 3           ;
;     -- 5 input functions                    ; 9           ;
;     -- 4 input functions                    ; 4           ;
;     -- <=3 input functions                  ; 6           ;
;                                             ;             ;
; Dedicated logic registers                   ; 15          ;
;                                             ;             ;
; I/O pins                                    ; 67          ;
;                                             ;             ;
; Total DSP Blocks                            ; 0           ;
;                                             ;             ;
; Maximum fan-out node                        ; SW[9]~input ;
; Maximum fan-out                             ; 15          ;
; Total fan-out                               ; 216         ;
; Average fan-out                             ; 1.26        ;
+---------------------------------------------+-------------+


+-------------------------------------------------------------------------------------------------------------------------------------------------------------------------------------------------------------+
; Analysis & Synthesis Resource Utilization by Entity                                                                                                                                                         ;
+----------------------------+---------------------+---------------------------+-------------------+------------+------+--------------+------------------------------------------+-------------+--------------+
; Compilation Hierarchy Node ; Combinational ALUTs ; Dedicated Logic Registers ; Block Memory Bits ; DSP Blocks ; Pins ; Virtual Pins ; Full Hierarchy Name                      ; Entity Name ; Library Name ;
+----------------------------+---------------------+---------------------------+-------------------+------------+------+--------------+------------------------------------------+-------------+--------------+
; |DE1_SoC                   ; 22 (0)              ; 15 (0)                    ; 0                 ; 0          ; 67   ; 0            ; |DE1_SoC                                 ; DE1_SoC     ; work         ;
;    |inputDeal:KEYS|        ; 6 (0)               ; 4 (0)                     ; 0                 ; 0          ; 0    ; 0            ; |DE1_SoC|inputDeal:KEYS                  ; inputDeal   ; work         ;
;       |button:LEFT|        ; 3 (3)               ; 2 (2)                     ; 0                 ; 0          ; 0    ; 0            ; |DE1_SoC|inputDeal:KEYS|button:LEFT      ; button      ; work         ;
;       |button:RIGHT|       ; 3 (3)               ; 2 (2)                     ; 0                 ; 0          ; 0    ; 0            ; |DE1_SoC|inputDeal:KEYS|button:RIGHT     ; button      ; work         ;
;    |tugOfWar:war|          ; 16 (0)              ; 11 (0)                    ; 0                 ; 0          ; 0    ; 0            ; |DE1_SoC|tugOfWar:war                    ; tugOfWar    ; work         ;
;       |centerLight:center| ; 1 (1)               ; 1 (1)                     ; 0                 ; 0          ; 0    ; 0            ; |DE1_SoC|tugOfWar:war|centerLight:center ; centerLight ; work         ;
;       |normalLight:light1| ; 1 (1)               ; 1 (1)                     ; 0                 ; 0          ; 0    ; 0            ; |DE1_SoC|tugOfWar:war|normalLight:light1 ; normalLight ; work         ;
;       |normalLight:light2| ; 1 (1)               ; 1 (1)                     ; 0                 ; 0          ; 0    ; 0            ; |DE1_SoC|tugOfWar:war|normalLight:light2 ; normalLight ; work         ;
;       |normalLight:light3| ; 1 (1)               ; 1 (1)                     ; 0                 ; 0          ; 0    ; 0            ; |DE1_SoC|tugOfWar:war|normalLight:light3 ; normalLight ; work         ;
;       |normalLight:light4| ; 1 (1)               ; 1 (1)                     ; 0                 ; 0          ; 0    ; 0            ; |DE1_SoC|tugOfWar:war|normalLight:light4 ; normalLight ; work         ;
;       |normalLight:light6| ; 1 (1)               ; 1 (1)                     ; 0                 ; 0          ; 0    ; 0            ; |DE1_SoC|tugOfWar:war|normalLight:light6 ; normalLight ; work         ;
;       |normalLight:light7| ; 1 (1)               ; 1 (1)                     ; 0                 ; 0          ; 0    ; 0            ; |DE1_SoC|tugOfWar:war|normalLight:light7 ; normalLight ; work         ;
;       |normalLight:light8| ; 1 (1)               ; 1 (1)                     ; 0                 ; 0          ; 0    ; 0            ; |DE1_SoC|tugOfWar:war|normalLight:light8 ; normalLight ; work         ;
;       |normalLight:light9| ; 1 (1)               ; 1 (1)                     ; 0                 ; 0          ; 0    ; 0            ; |DE1_SoC|tugOfWar:war|normalLight:light9 ; normalLight ; work         ;
;       |winning:REX|        ; 7 (7)               ; 2 (2)                     ; 0                 ; 0          ; 0    ; 0            ; |DE1_SoC|tugOfWar:war|winning:REX        ; winning     ; work         ;
+----------------------------+---------------------+---------------------------+-------------------+------------+------+--------------+------------------------------------------+-------------+--------------+
Note: For table entries with two numbers listed, the numbers in parentheses indicate the number of resources of the given type used by the specific entity alone. The numbers listed outside of parentheses indicate the total resources of the given type used by the specific entity and all of its sub-entities in the hierarchy.


Encoding Type:  User-Encoded
+------------------------------------------------------+
; State Machine - |DE1_SoC|tugOfWar:war|winning:REX|ps ;
+---------+------+-------------------------------------+
; Name    ; ps~3 ; ps~2                                ;
+---------+------+-------------------------------------+
; ps.none ; 0    ; 0                                   ;
; ps.one  ; 0    ; 1                                   ;
; ps.two  ; 1    ; 0                                   ;
+---------+------+-------------------------------------+


+---------------------------------------------------------------------------------+
; Registers Removed During Synthesis                                              ;
+----------------------------------------+----------------------------------------+
; Register name                          ; Reason for Removal                     ;
+----------------------------------------+----------------------------------------+
; inputDeal:KEYS|button:RIGHT|ps[2..31]  ; Stuck at GND due to stuck port data_in ;
; inputDeal:KEYS|button:LEFT|ps[2..31]   ; Stuck at GND due to stuck port data_in ;
; Total Number of Removed Registers = 60 ;                                        ;
+----------------------------------------+----------------------------------------+


+------------------------------------------------------+
; General Register Statistics                          ;
+----------------------------------------------+-------+
; Statistic                                    ; Value ;
+----------------------------------------------+-------+
; Total registers                              ; 15    ;
; Number of registers using Synchronous Clear  ; 10    ;
; Number of registers using Synchronous Load   ; 1     ;
; Number of registers using Asynchronous Clear ; 0     ;
; Number of registers using Asynchronous Load  ; 0     ;
; Number of registers using Clock Enable       ; 0     ;
; Number of registers using Preset             ; 0     ;
+----------------------------------------------+-------+


+------------------------------------------------------------------------------+
; Parameter Settings for User Entity Instance: tugOfWar:war|normalLight:light9 ;
+----------------+-------+-----------------------------------------------------+
; Parameter Name ; Value ; Type                                                ;
+----------------+-------+-----------------------------------------------------+
; on             ; 1     ; Unsigned Binary                                     ;
; off            ; 0     ; Unsigned Binary                                     ;
+----------------+-------+-----------------------------------------------------+
Note: In order to hide this table in the UI and the text report file, please set the "Show Parameter Settings in Synthesis Report" option in "Analysis and Synthesis Settings -> More Settings" to "Off".


+------------------------------------------------------------------------------+
; Parameter Settings for User Entity Instance: tugOfWar:war|normalLight:light8 ;
+----------------+-------+-----------------------------------------------------+
; Parameter Name ; Value ; Type                                                ;
+----------------+-------+-----------------------------------------------------+
; on             ; 1     ; Unsigned Binary                                     ;
; off            ; 0     ; Unsigned Binary                                     ;
+----------------+-------+-----------------------------------------------------+
Note: In order to hide this table in the UI and the text report file, please set the "Show Parameter Settings in Synthesis Report" option in "Analysis and Synthesis Settings -> More Settings" to "Off".


+------------------------------------------------------------------------------+
; Parameter Settings for User Entity Instance: tugOfWar:war|normalLight:light7 ;
+----------------+-------+-----------------------------------------------------+
; Parameter Name ; Value ; Type                                                ;
+----------------+-------+-----------------------------------------------------+
; on             ; 1     ; Unsigned Binary                                     ;
; off            ; 0     ; Unsigned Binary                                     ;
+----------------+-------+-----------------------------------------------------+
Note: In order to hide this table in the UI and the text report file, please set the "Show Parameter Settings in Synthesis Report" option in "Analysis and Synthesis Settings -> More Settings" to "Off".


+------------------------------------------------------------------------------+
; Parameter Settings for User Entity Instance: tugOfWar:war|normalLight:light6 ;
+----------------+-------+-----------------------------------------------------+
; Parameter Name ; Value ; Type                                                ;
+----------------+-------+-----------------------------------------------------+
; on             ; 1     ; Unsigned Binary                                     ;
; off            ; 0     ; Unsigned Binary                                     ;
+----------------+-------+-----------------------------------------------------+
Note: In order to hide this table in the UI and the text report file, please set the "Show Parameter Settings in Synthesis Report" option in "Analysis and Synthesis Settings -> More Settings" to "Off".


+------------------------------------------------------------------------------+
; Parameter Settings for User Entity Instance: tugOfWar:war|centerLight:center ;
+----------------+-------+-----------------------------------------------------+
; Parameter Name ; Value ; Type                                                ;
+----------------+-------+-----------------------------------------------------+
; on             ; 1     ; Unsigned Binary                                     ;
; off            ; 0     ; Unsigned Binary                                     ;
+----------------+-------+-----------------------------------------------------+
Note: In order to hide this table in the UI and the text report file, please set the "Show Parameter Settings in Synthesis Report" option in "Analysis and Synthesis Settings -> More Settings" to "Off".


+------------------------------------------------------------------------------+
; Parameter Settings for User Entity Instance: tugOfWar:war|normalLight:light4 ;
+----------------+-------+-----------------------------------------------------+
; Parameter Name ; Value ; Type                                                ;
+----------------+-------+-----------------------------------------------------+
; on             ; 1     ; Unsigned Binary                                     ;
; off            ; 0     ; Unsigned Binary                                     ;
+----------------+-------+-----------------------------------------------------+
Note: In order to hide this table in the UI and the text report file, please set the "Show Parameter Settings in Synthesis Report" option in "Analysis and Synthesis Settings -> More Settings" to "Off".


+------------------------------------------------------------------------------+
; Parameter Settings for User Entity Instance: tugOfWar:war|normalLight:light3 ;
+----------------+-------+-----------------------------------------------------+
; Parameter Name ; Value ; Type                                                ;
+----------------+-------+-----------------------------------------------------+
; on             ; 1     ; Unsigned Binary                                     ;
; off            ; 0     ; Unsigned Binary                                     ;
+----------------+-------+-----------------------------------------------------+
Note: In order to hide this table in the UI and the text report file, please set the "Show Parameter Settings in Synthesis Report" option in "Analysis and Synthesis Settings -> More Settings" to "Off".


+------------------------------------------------------------------------------+
; Parameter Settings for User Entity Instance: tugOfWar:war|normalLight:light2 ;
+----------------+-------+-----------------------------------------------------+
; Parameter Name ; Value ; Type                                                ;
+----------------+-------+-----------------------------------------------------+
; on             ; 1     ; Unsigned Binary                                     ;
; off            ; 0     ; Unsigned Binary                                     ;
+----------------+-------+-----------------------------------------------------+
Note: In order to hide this table in the UI and the text report file, please set the "Show Parameter Settings in Synthesis Report" option in "Analysis and Synthesis Settings -> More Settings" to "Off".


+------------------------------------------------------------------------------+
; Parameter Settings for User Entity Instance: tugOfWar:war|normalLight:light1 ;
+----------------+-------+-----------------------------------------------------+
; Parameter Name ; Value ; Type                                                ;
+----------------+-------+-----------------------------------------------------+
; on             ; 1     ; Unsigned Binary                                     ;
; off            ; 0     ; Unsigned Binary                                     ;
+----------------+-------+-----------------------------------------------------+
Note: In order to hide this table in the UI and the text report file, please set the "Show Parameter Settings in Synthesis Report" option in "Analysis and Synthesis Settings -> More Settings" to "Off".


+-----------------------------------------------------------------------+
; Parameter Settings for User Entity Instance: tugOfWar:war|winning:REX ;
+----------------+-------+----------------------------------------------+
; Parameter Name ; Value ; Type                                         ;
+----------------+-------+----------------------------------------------+
; one            ; 01    ; Unsigned Binary                              ;
; two            ; 10    ; Unsigned Binary                              ;
; none           ; 00    ; Unsigned Binary                              ;
+----------------+-------+----------------------------------------------+
Note: In order to hide this table in the UI and the text report file, please set the "Show Parameter Settings in Synthesis Report" option in "Analysis and Synthesis Settings -> More Settings" to "Off".


+-------------------------------------------------------------+
; Port Connectivity Checks: "tugOfWar:war|normalLight:light1" ;
+------+-------+----------+-----------------------------------+
; Port ; Type  ; Severity ; Details                           ;
+------+-------+----------+-----------------------------------+
; NR   ; Input ; Info     ; Stuck at GND                      ;
+------+-------+----------+-----------------------------------+


+-------------------------------------------------------------+
; Port Connectivity Checks: "tugOfWar:war|normalLight:light9" ;
+------+-------+----------+-----------------------------------+
; Port ; Type  ; Severity ; Details                           ;
+------+-------+----------+-----------------------------------+
; NL   ; Input ; Info     ; Stuck at GND                      ;
+------+-------+----------+-----------------------------------+


+-----------------------------------------------------+
; Post-Synthesis Netlist Statistics for Top Partition ;
+-----------------------+-----------------------------+
; Type                  ; Count                       ;
+-----------------------+-----------------------------+
; arriav_ff             ; 15                          ;
;     SCLR              ; 10                          ;
;     SLD               ; 1                           ;
;     plain             ; 4                           ;
; arriav_lcell_comb     ; 25                          ;
;     normal            ; 25                          ;
;         0 data inputs ; 2                           ;
;         1 data inputs ; 1                           ;
;         2 data inputs ; 4                           ;
;         3 data inputs ; 2                           ;
;         4 data inputs ; 4                           ;
;         5 data inputs ; 9                           ;
;         6 data inputs ; 3                           ;
; boundary_port         ; 67                          ;
;                       ;                             ;
; Max LUT depth         ; 3.00                        ;
; Average LUT depth     ; 1.68                        ;
+-----------------------+-----------------------------+


+-------------------------------+
; Elapsed Time Per Partition    ;
+----------------+--------------+
; Partition Name ; Elapsed Time ;
+----------------+--------------+
; Top            ; 00:00:00     ;
+----------------+--------------+


+-------------------------------+
; Analysis & Synthesis Messages ;
+-------------------------------+
Info: *******************************************************************
Info: Running Quartus Prime Analysis & Synthesis
    Info: Version 17.0.0 Build 595 04/25/2017 SJ Lite Edition
    Info: Processing started: Sun Nov 28 15:20:37 2021
Info: Command: quartus_map --read_settings_files=on --write_settings_files=off DE1_SoC -c DE1_SoC
Info (20030): Parallel compilation is enabled and will use 10 of the 10 processors detected
Info (12021): Found 2 design units, including 2 entities, in source file button.sv
    Info (12023): Found entity 1: button File: C:/Users/alanl/Documents/UW/EE 271/EE271labs/lab6/button.sv Line: 1
    Info (12023): Found entity 2: button_testbench File: C:/Users/alanl/Documents/UW/EE 271/EE271labs/lab6/button.sv Line: 34
Info (12021): Found 2 design units, including 2 entities, in source file de1_soc.sv
    Info (12023): Found entity 1: DE1_SoC File: C:/Users/alanl/Documents/UW/EE 271/EE271labs/lab6/DE1_SoC.sv Line: 1
    Info (12023): Found entity 2: DE1_SoC_testbench File: C:/Users/alanl/Documents/UW/EE 271/EE271labs/lab6/DE1_SoC.sv Line: 35
Info (12021): Found 2 design units, including 2 entities, in source file centerlight.sv
    Info (12023): Found entity 1: centerLight File: C:/Users/alanl/Documents/UW/EE 271/EE271labs/lab6/centerLight.sv Line: 1
    Info (12023): Found entity 2: centerLight_testbench File: C:/Users/alanl/Documents/UW/EE 271/EE271labs/lab6/centerLight.sv Line: 24
Info (12021): Found 2 design units, including 2 entities, in source file normallight.sv
    Info (12023): Found entity 1: normalLight File: C:/Users/alanl/Documents/UW/EE 271/EE271labs/lab6/normalLight.sv Line: 1
    Info (12023): Found entity 2: normalLight_testbench File: C:/Users/alanl/Documents/UW/EE 271/EE271labs/lab6/normalLight.sv Line: 24
Info (12021): Found 2 design units, including 2 entities, in source file tugofwar.sv
    Info (12023): Found entity 1: tugOfWar File: C:/Users/alanl/Documents/UW/EE 271/EE271labs/lab6/tugOfWar.sv Line: 1
    Info (12023): Found entity 2: tugOfWar_testbench File: C:/Users/alanl/Documents/UW/EE 271/EE271labs/lab6/tugOfWar.sv Line: 19
Info (12021): Found 2 design units, including 2 entities, in source file inputdeal.sv
    Info (12023): Found entity 1: inputDeal File: C:/Users/alanl/Documents/UW/EE 271/EE271labs/lab6/inputDeal.sv Line: 1
    Info (12023): Found entity 2: inputDeal_testbench File: C:/Users/alanl/Documents/UW/EE 271/EE271labs/lab6/inputDeal.sv Line: 10
Info (12021): Found 2 design units, including 2 entities, in source file winning.sv
    Info (12023): Found entity 1: winning File: C:/Users/alanl/Documents/UW/EE 271/EE271labs/lab6/winning.sv Line: 1
    Info (12023): Found entity 2: winning_testbench File: C:/Users/alanl/Documents/UW/EE 271/EE271labs/lab6/winning.sv Line: 51
Info (12127): Elaborating entity "DE1_SoC" for the top level hierarchy
Info (12128): Elaborating entity "inputDeal" for hierarchy "inputDeal:KEYS" File: C:/Users/alanl/Documents/UW/EE 271/EE271labs/lab6/DE1_SoC.sv Line: 19
Info (12128): Elaborating entity "button" for hierarchy "inputDeal:KEYS|button:LEFT" File: C:/Users/alanl/Documents/UW/EE 271/EE271labs/lab6/inputDeal.sv Line: 5
Info (12128): Elaborating entity "tugOfWar" for hierarchy "tugOfWar:war" File: C:/Users/alanl/Documents/UW/EE 271/EE271labs/lab6/DE1_SoC.sv Line: 20
Info (12128): Elaborating entity "normalLight" for hierarchy "tugOfWar:war|normalLight:light9" File: C:/Users/alanl/Documents/UW/EE 271/EE271labs/lab6/tugOfWar.sv Line: 6
Info (12128): Elaborating entity "centerLight" for hierarchy "tugOfWar:war|centerLight:center" File: C:/Users/alanl/Documents/UW/EE 271/EE271labs/lab6/tugOfWar.sv Line: 10
Info (12128): Elaborating entity "winning" for hierarchy "tugOfWar:war|winning:REX" File: C:/Users/alanl/Documents/UW/EE 271/EE271labs/lab6/tugOfWar.sv Line: 16
Info (286030): Timing-Driven Synthesis is running
Info (144001): Generated suppressed messages file C:/Users/alanl/Documents/UW/EE 271/EE271labs/lab6/output_files/DE1_SoC.map.smsg
Info (16010): Generating hard_block partition "hard_block:auto_generated_inst"
    Info (16011): Adding 0 node(s), including 0 DDIO, 0 PLL, 0 transceiver and 0 LCELL
Info (21057): Implemented 89 device resources after synthesis - the final resource count might be different
    Info (21058): Implemented 15 input pins
    Info (21059): Implemented 52 output pins
    Info (21061): Implemented 22 logic cells
Info: Quartus Prime Analysis & Synthesis was successful. 0 errors, 0 warnings
    Info: Peak virtual memory: 4873 megabytes
    Info: Processing ended: Sun Nov 28 15:20:44 2021
    Info: Elapsed time: 00:00:07
    Info: Total CPU time (on all processors): 00:00:17


+------------------------------------------+
; Analysis & Synthesis Suppressed Messages ;
+------------------------------------------+
The suppressed messages can be found in C:/Users/alanl/Documents/UW/EE 271/EE271labs/lab6/output_files/DE1_SoC.map.smsg.


