Analysis & Synthesis report for DE1_SoC
Fri Dec 03 17:43:53 2021
Quartus Prime Version 17.0.0 Build 595 04/25/2017 SJ Lite Edition


---------------------
; Table of Contents ;
---------------------
  1. Legal Notice
  2. Analysis & Synthesis Summary
  3. Analysis & Synthesis Settings
  4. Parallel Compilation
  5. Analysis & Synthesis Source Files Read
  6. Analysis & Synthesis Resource Usage Summary
  7. Analysis & Synthesis Resource Utilization by Entity
  8. Registers Removed During Synthesis
  9. General Register Statistics
 10. Multiplexer Restructuring Statistics (Restructuring Performed)
 11. Parameter Settings for User Entity Instance: Top-level Entity: |DE1_SoC
 12. Parameter Settings for User Entity Instance: normalLight:one
 13. Parameter Settings for User Entity Instance: normalLight:two
 14. Parameter Settings for User Entity Instance: normalLight:three
 15. Parameter Settings for User Entity Instance: normalLight:four
 16. Parameter Settings for User Entity Instance: centerLight:five
 17. Parameter Settings for User Entity Instance: normalLight:six
 18. Parameter Settings for User Entity Instance: normalLight:seven
 19. Parameter Settings for User Entity Instance: normalLight:eight
 20. Parameter Settings for User Entity Instance: normalLight:nine
 21. Port Connectivity Checks: "compButton:comp|comparator:computer"
 22. Port Connectivity Checks: "normalLight:nine"
 23. Port Connectivity Checks: "normalLight:one"
 24. Port Connectivity Checks: "clock_divider:cdiv"
 25. Post-Synthesis Netlist Statistics for Top Partition
 26. Elapsed Time Per Partition
 27. Analysis & Synthesis Messages
 28. Analysis & Synthesis Suppressed Messages



----------------
; Legal Notice ;
----------------
Copyright (C) 2017  Intel Corporation. All rights reserved.
Your use of Intel Corporation's design tools, logic functions 
and other software and tools, and its AMPP partner logic 
functions, and any output files from any of the foregoing 
(including device programming or simulation files), and any 
associated documentation or information are expressly subject 
to the terms and conditions of the Intel Program License 
Subscription Agreement, the Intel Quartus Prime License Agreement,
the Intel MegaCore Function License Agreement, or other 
applicable license agreement, including, without limitation, 
that your use is for the sole purpose of programming logic 
devices manufactured by Intel and sold by Intel or its 
authorized distributors.  Please refer to the applicable 
agreement for further details.



+-------------------------------------------------------------------------------+
; Analysis & Synthesis Summary                                                  ;
+---------------------------------+---------------------------------------------+
; Analysis & Synthesis Status     ; Successful - Fri Dec 03 17:43:53 2021       ;
; Quartus Prime Version           ; 17.0.0 Build 595 04/25/2017 SJ Lite Edition ;
; Revision Name                   ; DE1_SoC                                     ;
; Top-level Entity Name           ; DE1_SoC                                     ;
; Family                          ; Cyclone V                                   ;
; Logic utilization (in ALMs)     ; N/A                                         ;
; Total registers                 ; 52                                          ;
; Total pins                      ; 67                                          ;
; Total virtual pins              ; 0                                           ;
; Total block memory bits         ; 0                                           ;
; Total DSP Blocks                ; 0                                           ;
; Total HSSI RX PCSs              ; 0                                           ;
; Total HSSI PMA RX Deserializers ; 0                                           ;
; Total HSSI TX PCSs              ; 0                                           ;
; Total HSSI PMA TX Serializers   ; 0                                           ;
; Total PLLs                      ; 0                                           ;
; Total DLLs                      ; 0                                           ;
+---------------------------------+---------------------------------------------+


+---------------------------------------------------------------------------------------------------------------------------+
; Analysis & Synthesis Settings                                                                                             ;
+---------------------------------------------------------------------------------+--------------------+--------------------+
; Option                                                                          ; Setting            ; Default Value      ;
+---------------------------------------------------------------------------------+--------------------+--------------------+
; Device                                                                          ; 5CSEMA5F31C6       ;                    ;
; Top-level entity name                                                           ; DE1_SoC            ; DE1_SoC            ;
; Family name                                                                     ; Cyclone V          ; Cyclone V          ;
; State Machine Processing                                                        ; User-Encoded       ; Auto               ;
; Use smart compilation                                                           ; Off                ; Off                ;
; Enable parallel Assembler and TimeQuest Timing Analyzer during compilation      ; On                 ; On                 ;
; Enable compact report table                                                     ; Off                ; Off                ;
; Restructure Multiplexers                                                        ; Auto               ; Auto               ;
; MLAB Add Timing Constraints For Mixed-Port Feed-Through Mode Setting Don't Care ; Off                ; Off                ;
; Create Debugging Nodes for IP Cores                                             ; Off                ; Off                ;
; Preserve fewer node names                                                       ; On                 ; On                 ;
; OpenCore Plus hardware evaluation                                               ; Enable             ; Enable             ;
; Verilog Version                                                                 ; Verilog_2001       ; Verilog_2001       ;
; VHDL Version                                                                    ; VHDL_1993          ; VHDL_1993          ;
; Safe State Machine                                                              ; Off                ; Off                ;
; Extract Verilog State Machines                                                  ; On                 ; On                 ;
; Extract VHDL State Machines                                                     ; On                 ; On                 ;
; Ignore Verilog initial constructs                                               ; Off                ; Off                ;
; Iteration limit for constant Verilog loops                                      ; 5000               ; 5000               ;
; Iteration limit for non-constant Verilog loops                                  ; 250                ; 250                ;
; Add Pass-Through Logic to Inferred RAMs                                         ; On                 ; On                 ;
; Infer RAMs from Raw Logic                                                       ; On                 ; On                 ;
; Parallel Synthesis                                                              ; On                 ; On                 ;
; DSP Block Balancing                                                             ; Auto               ; Auto               ;
; NOT Gate Push-Back                                                              ; On                 ; On                 ;
; Power-Up Don't Care                                                             ; On                 ; On                 ;
; Remove Redundant Logic Cells                                                    ; Off                ; Off                ;
; Remove Duplicate Registers                                                      ; On                 ; On                 ;
; Ignore CARRY Buffers                                                            ; Off                ; Off                ;
; Ignore CASCADE Buffers                                                          ; Off                ; Off                ;
; Ignore GLOBAL Buffers                                                           ; Off                ; Off                ;
; Ignore ROW GLOBAL Buffers                                                       ; Off                ; Off                ;
; Ignore LCELL Buffers                                                            ; Off                ; Off                ;
; Ignore SOFT Buffers                                                             ; On                 ; On                 ;
; Limit AHDL Integers to 32 Bits                                                  ; Off                ; Off                ;
; Optimization Technique                                                          ; Balanced           ; Balanced           ;
; Carry Chain Length                                                              ; 70                 ; 70                 ;
; Auto Carry Chains                                                               ; On                 ; On                 ;
; Auto Open-Drain Pins                                                            ; On                 ; On                 ;
; Perform WYSIWYG Primitive Resynthesis                                           ; Off                ; Off                ;
; Auto ROM Replacement                                                            ; On                 ; On                 ;
; Auto RAM Replacement                                                            ; On                 ; On                 ;
; Auto DSP Block Replacement                                                      ; On                 ; On                 ;
; Auto Shift Register Replacement                                                 ; Auto               ; Auto               ;
; Allow Shift Register Merging across Hierarchies                                 ; Auto               ; Auto               ;
; Auto Clock Enable Replacement                                                   ; On                 ; On                 ;
; Strict RAM Replacement                                                          ; Off                ; Off                ;
; Allow Synchronous Control Signals                                               ; On                 ; On                 ;
; Force Use of Synchronous Clear Signals                                          ; Off                ; Off                ;
; Auto Resource Sharing                                                           ; Off                ; Off                ;
; Allow Any RAM Size For Recognition                                              ; Off                ; Off                ;
; Allow Any ROM Size For Recognition                                              ; Off                ; Off                ;
; Allow Any Shift Register Size For Recognition                                   ; Off                ; Off                ;
; Use LogicLock Constraints during Resource Balancing                             ; On                 ; On                 ;
; Ignore translate_off and synthesis_off directives                               ; Off                ; Off                ;
; Timing-Driven Synthesis                                                         ; On                 ; On                 ;
; Report Parameter Settings                                                       ; On                 ; On                 ;
; Report Source Assignments                                                       ; On                 ; On                 ;
; Report Connectivity Checks                                                      ; On                 ; On                 ;
; Ignore Maximum Fan-Out Assignments                                              ; Off                ; Off                ;
; Synchronization Register Chain Length                                           ; 3                  ; 3                  ;
; PowerPlay Power Optimization During Synthesis                                   ; Normal compilation ; Normal compilation ;
; HDL message level                                                               ; Level2             ; Level2             ;
; Suppress Register Optimization Related Messages                                 ; Off                ; Off                ;
; Number of Removed Registers Reported in Synthesis Report                        ; 5000               ; 5000               ;
; Number of Swept Nodes Reported in Synthesis Report                              ; 5000               ; 5000               ;
; Number of Inverted Registers Reported in Synthesis Report                       ; 100                ; 100                ;
; Clock MUX Protection                                                            ; On                 ; On                 ;
; Auto Gated Clock Conversion                                                     ; Off                ; Off                ;
; Block Design Naming                                                             ; Auto               ; Auto               ;
; SDC constraint protection                                                       ; Off                ; Off                ;
; Synthesis Effort                                                                ; Auto               ; Auto               ;
; Shift Register Replacement - Allow Asynchronous Clear Signal                    ; On                 ; On                 ;
; Pre-Mapping Resynthesis Optimization                                            ; Off                ; Off                ;
; Analysis & Synthesis Message Level                                              ; Medium             ; Medium             ;
; Disable Register Merging Across Hierarchies                                     ; Auto               ; Auto               ;
; Resource Aware Inference For Block RAM                                          ; On                 ; On                 ;
; Automatic Parallel Synthesis                                                    ; On                 ; On                 ;
; Partial Reconfiguration Bitstream ID                                            ; Off                ; Off                ;
+---------------------------------------------------------------------------------+--------------------+--------------------+


+------------------------------------------+
; Parallel Compilation                     ;
+----------------------------+-------------+
; Processors                 ; Number      ;
+----------------------------+-------------+
; Number detected on machine ; 12          ;
; Maximum allowed            ; 6           ;
;                            ;             ;
; Average used               ; 1.00        ;
; Maximum used               ; 6           ;
;                            ;             ;
; Usage by Processor         ; % Time Used ;
;     Processor 1            ; 100.0%      ;
;     Processors 2-6         ;   0.0%      ;
+----------------------------+-------------+


+----------------------------------------------------------------------------------------------------------------------------------------------+
; Analysis & Synthesis Source Files Read                                                                                                       ;
+----------------------------------+-----------------+------------------------------+------------------------------------------------+---------+
; File Name with User-Entered Path ; Used in Netlist ; File Type                    ; File Name with Absolute Path                   ; Library ;
+----------------------------------+-----------------+------------------------------+------------------------------------------------+---------+
; DE1_SoC.sv                       ; yes             ; User SystemVerilog HDL File  ; D:/EE271/ee271labs/lab7git_test/DE1_SoC.sv     ;         ;
; centerLight.sv                   ; yes             ; User SystemVerilog HDL File  ; D:/EE271/ee271labs/lab7git_test/centerLight.sv ;         ;
; userInput.sv                     ; yes             ; User SystemVerilog HDL File  ; D:/EE271/ee271labs/lab7git_test/userInput.sv   ;         ;
; LFSR.sv                          ; yes             ; User SystemVerilog HDL File  ; D:/EE271/ee271labs/lab7git_test/LFSR.sv        ;         ;
; comparator.sv                    ; yes             ; User SystemVerilog HDL File  ; D:/EE271/ee271labs/lab7git_test/comparator.sv  ;         ;
; doubleFlip.sv                    ; yes             ; User SystemVerilog HDL File  ; D:/EE271/ee271labs/lab7git_test/doubleFlip.sv  ;         ;
; victory.sv                       ; yes             ; User SystemVerilog HDL File  ; D:/EE271/ee271labs/lab7git_test/victory.sv     ;         ;
; normalLight.sv                   ; yes             ; User SystemVerilog HDL File  ; D:/EE271/ee271labs/lab7git_test/normalLight.sv ;         ;
; compButton.sv                    ; yes             ; User SystemVerilog HDL File  ; D:/EE271/ee271labs/lab7git_test/compButton.sv  ;         ;
+----------------------------------+-----------------+------------------------------+------------------------------------------------+---------+


+-------------------------------------------------------------------------------------+
; Analysis & Synthesis Resource Usage Summary                                         ;
+---------------------------------------------+---------------------------------------+
; Resource                                    ; Usage                                 ;
+---------------------------------------------+---------------------------------------+
; Estimate of Logic utilization (ALMs needed) ; 45                                    ;
;                                             ;                                       ;
; Combinational ALUT usage for logic          ; 68                                    ;
;     -- 7 input functions                    ; 0                                     ;
;     -- 6 input functions                    ; 19                                    ;
;     -- 5 input functions                    ; 4                                     ;
;     -- 4 input functions                    ; 6                                     ;
;     -- <=3 input functions                  ; 39                                    ;
;                                             ;                                       ;
; Dedicated logic registers                   ; 52                                    ;
;                                             ;                                       ;
; I/O pins                                    ; 67                                    ;
;                                             ;                                       ;
; Total DSP Blocks                            ; 0                                     ;
;                                             ;                                       ;
; Maximum fan-out node                        ; clock_divider:cdiv|divided_clocks[15] ;
; Maximum fan-out                             ; 37                                    ;
; Total fan-out                               ; 464                                   ;
; Average fan-out                             ; 1.83                                  ;
+---------------------------------------------+---------------------------------------+


+--------------------------------------------------------------------------------------------------------------------------------------------------------------------------------------------------------------------+
; Analysis & Synthesis Resource Utilization by Entity                                                                                                                                                                ;
+-----------------------------+---------------------+---------------------------+-------------------+------------+------+--------------+----------------------------------------------+---------------+--------------+
; Compilation Hierarchy Node  ; Combinational ALUTs ; Dedicated Logic Registers ; Block Memory Bits ; DSP Blocks ; Pins ; Virtual Pins ; Full Hierarchy Name                          ; Entity Name   ; Library Name ;
+-----------------------------+---------------------+---------------------------+-------------------+------------+------+--------------+----------------------------------------------+---------------+--------------+
; |DE1_SoC                    ; 68 (0)              ; 52 (0)                    ; 0                 ; 0          ; 67   ; 0            ; |DE1_SoC                                     ; DE1_SoC       ; work         ;
;    |LFSR:random|            ; 1 (1)               ; 11 (11)                   ; 0                 ; 0          ; 0    ; 0            ; |DE1_SoC|LFSR:random                         ; LFSR          ; work         ;
;    |centerLight:five|       ; 3 (3)               ; 1 (1)                     ; 0                 ; 0          ; 0    ; 0            ; |DE1_SoC|centerLight:five                    ; centerLight   ; work         ;
;    |clock_divider:cdiv|     ; 16 (16)             ; 16 (16)                   ; 0                 ; 0          ; 0    ; 0            ; |DE1_SoC|clock_divider:cdiv                  ; clock_divider ; work         ;
;    |compButton:comp|        ; 7 (0)               ; 1 (0)                     ; 0                 ; 0          ; 0    ; 0            ; |DE1_SoC|compButton:comp                     ; compButton    ; work         ;
;       |comparator:computer| ; 7 (7)               ; 1 (1)                     ; 0                 ; 0          ; 0    ; 0            ; |DE1_SoC|compButton:comp|comparator:computer ; comparator    ; work         ;
;    |doubleFlip:ff1|         ; 1 (1)               ; 2 (2)                     ; 0                 ; 0          ; 0    ; 0            ; |DE1_SoC|doubleFlip:ff1                      ; doubleFlip    ; work         ;
;    |doubleFlip:ff2|         ; 0 (0)               ; 2 (2)                     ; 0                 ; 0          ; 0    ; 0            ; |DE1_SoC|doubleFlip:ff2                      ; doubleFlip    ; work         ;
;    |normalLight:eight|      ; 1 (1)               ; 1 (1)                     ; 0                 ; 0          ; 0    ; 0            ; |DE1_SoC|normalLight:eight                   ; normalLight   ; work         ;
;    |normalLight:four|       ; 1 (1)               ; 1 (1)                     ; 0                 ; 0          ; 0    ; 0            ; |DE1_SoC|normalLight:four                    ; normalLight   ; work         ;
;    |normalLight:nine|       ; 1 (1)               ; 1 (1)                     ; 0                 ; 0          ; 0    ; 0            ; |DE1_SoC|normalLight:nine                    ; normalLight   ; work         ;
;    |normalLight:one|        ; 4 (4)               ; 1 (1)                     ; 0                 ; 0          ; 0    ; 0            ; |DE1_SoC|normalLight:one                     ; normalLight   ; work         ;
;    |normalLight:seven|      ; 1 (1)               ; 1 (1)                     ; 0                 ; 0          ; 0    ; 0            ; |DE1_SoC|normalLight:seven                   ; normalLight   ; work         ;
;    |normalLight:six|        ; 1 (1)               ; 1 (1)                     ; 0                 ; 0          ; 0    ; 0            ; |DE1_SoC|normalLight:six                     ; normalLight   ; work         ;
;    |normalLight:three|      ; 1 (1)               ; 1 (1)                     ; 0                 ; 0          ; 0    ; 0            ; |DE1_SoC|normalLight:three                   ; normalLight   ; work         ;
;    |normalLight:two|        ; 2 (2)               ; 1 (1)                     ; 0                 ; 0          ; 0    ; 0            ; |DE1_SoC|normalLight:two                     ; normalLight   ; work         ;
;    |userInput:cyborg|       ; 1 (1)               ; 1 (1)                     ; 0                 ; 0          ; 0    ; 0            ; |DE1_SoC|userInput:cyborg                    ; userInput     ; work         ;
;    |userInput:player|       ; 1 (1)               ; 1 (1)                     ; 0                 ; 0          ; 0    ; 0            ; |DE1_SoC|userInput:player                    ; userInput     ; work         ;
;    |victory:matchEnds|      ; 26 (26)             ; 9 (9)                     ; 0                 ; 0          ; 0    ; 0            ; |DE1_SoC|victory:matchEnds                   ; victory       ; work         ;
+-----------------------------+---------------------+---------------------------+-------------------+------------+------+--------------+----------------------------------------------+---------------+--------------+
Note: For table entries with two numbers listed, the numbers in parentheses indicate the number of resources of the given type used by the specific entity alone. The numbers listed outside of parentheses indicate the total resources of the given type used by the specific entity and all of its sub-entities in the hierarchy.


+------------------------------------------------------------------------------------+
; Registers Removed During Synthesis                                                 ;
+-------------------------------------------+----------------------------------------+
; Register name                             ; Reason for Removal                     ;
+-------------------------------------------+----------------------------------------+
; victory:matchEnds|ps[2..31]               ; Stuck at GND due to stuck port data_in ;
; userInput:cyborg|ps[1..31]                ; Stuck at GND due to stuck port data_in ;
; userInput:player|ps[1..31]                ; Stuck at GND due to stuck port data_in ;
; clock_divider:cdiv|divided_clocks[16..31] ; Lost fanout                            ;
; Total Number of Removed Registers = 108   ;                                        ;
+-------------------------------------------+----------------------------------------+


+------------------------------------------------------+
; General Register Statistics                          ;
+----------------------------------------------+-------+
; Statistic                                    ; Value ;
+----------------------------------------------+-------+
; Total registers                              ; 52    ;
; Number of registers using Synchronous Clear  ; 15    ;
; Number of registers using Synchronous Load   ; 1     ;
; Number of registers using Asynchronous Clear ; 0     ;
; Number of registers using Asynchronous Load  ; 0     ;
; Number of registers using Clock Enable       ; 4     ;
; Number of registers using Preset             ; 0     ;
+----------------------------------------------+-------+


+----------------------------------------------------------------------------------------------------------------------------------------------------+
; Multiplexer Restructuring Statistics (Restructuring Performed)                                                                                     ;
+--------------------+-----------+---------------+----------------------+------------------------+------------+--------------------------------------+
; Multiplexer Inputs ; Bus Width ; Baseline Area ; Area if Restructured ; Saving if Restructured ; Registered ; Example Multiplexer Output           ;
+--------------------+-----------+---------------+----------------------+------------------------+------------+--------------------------------------+
; 3:1                ; 3 bits    ; 6 LEs         ; 3 LEs                ; 3 LEs                  ; Yes        ; |DE1_SoC|victory:matchEnds|Rcount[2] ;
; 3:1                ; 2 bits    ; 4 LEs         ; 4 LEs                ; 0 LEs                  ; Yes        ; |DE1_SoC|victory:matchEnds|ps[1]     ;
; 3:1                ; 3 bits    ; 6 LEs         ; 3 LEs                ; 3 LEs                  ; Yes        ; |DE1_SoC|victory:matchEnds|Lcount[2] ;
; 8:1                ; 2 bits    ; 10 LEs        ; 6 LEs                ; 4 LEs                  ; No         ; |DE1_SoC|victory:matchEnds|HEX0[1]   ;
; 8:1                ; 2 bits    ; 10 LEs        ; 6 LEs                ; 4 LEs                  ; No         ; |DE1_SoC|victory:matchEnds|HEX5[4]   ;
; 5:1                ; 3 bits    ; 9 LEs         ; 9 LEs                ; 0 LEs                  ; No         ; |DE1_SoC|victory:matchEnds|HEX0[0]   ;
; 5:1                ; 3 bits    ; 9 LEs         ; 9 LEs                ; 0 LEs                  ; No         ; |DE1_SoC|victory:matchEnds|HEX5[6]   ;
+--------------------+-----------+---------------+----------------------+------------------------+------------+--------------------------------------+


+-------------------------------------------------------------------------+
; Parameter Settings for User Entity Instance: Top-level Entity: |DE1_SoC ;
+----------------+-------+------------------------------------------------+
; Parameter Name ; Value ; Type                                           ;
+----------------+-------+------------------------------------------------+
; whichClock     ; 15    ; Signed Integer                                 ;
+----------------+-------+------------------------------------------------+
Note: In order to hide this table in the UI and the text report file, please set the "Show Parameter Settings in Synthesis Report" option in "Analysis and Synthesis Settings -> More Settings" to "Off".


+--------------------------------------------------------------+
; Parameter Settings for User Entity Instance: normalLight:one ;
+----------------+-------+-------------------------------------+
; Parameter Name ; Value ; Type                                ;
+----------------+-------+-------------------------------------+
; on             ; 1     ; Unsigned Binary                     ;
; off            ; 0     ; Unsigned Binary                     ;
+----------------+-------+-------------------------------------+
Note: In order to hide this table in the UI and the text report file, please set the "Show Parameter Settings in Synthesis Report" option in "Analysis and Synthesis Settings -> More Settings" to "Off".


+--------------------------------------------------------------+
; Parameter Settings for User Entity Instance: normalLight:two ;
+----------------+-------+-------------------------------------+
; Parameter Name ; Value ; Type                                ;
+----------------+-------+-------------------------------------+
; on             ; 1     ; Unsigned Binary                     ;
; off            ; 0     ; Unsigned Binary                     ;
+----------------+-------+-------------------------------------+
Note: In order to hide this table in the UI and the text report file, please set the "Show Parameter Settings in Synthesis Report" option in "Analysis and Synthesis Settings -> More Settings" to "Off".


+----------------------------------------------------------------+
; Parameter Settings for User Entity Instance: normalLight:three ;
+----------------+-------+---------------------------------------+
; Parameter Name ; Value ; Type                                  ;
+----------------+-------+---------------------------------------+
; on             ; 1     ; Unsigned Binary                       ;
; off            ; 0     ; Unsigned Binary                       ;
+----------------+-------+---------------------------------------+
Note: In order to hide this table in the UI and the text report file, please set the "Show Parameter Settings in Synthesis Report" option in "Analysis and Synthesis Settings -> More Settings" to "Off".


+---------------------------------------------------------------+
; Parameter Settings for User Entity Instance: normalLight:four ;
+----------------+-------+--------------------------------------+
; Parameter Name ; Value ; Type                                 ;
+----------------+-------+--------------------------------------+
; on             ; 1     ; Unsigned Binary                      ;
; off            ; 0     ; Unsigned Binary                      ;
+----------------+-------+--------------------------------------+
Note: In order to hide this table in the UI and the text report file, please set the "Show Parameter Settings in Synthesis Report" option in "Analysis and Synthesis Settings -> More Settings" to "Off".


+---------------------------------------------------------------+
; Parameter Settings for User Entity Instance: centerLight:five ;
+----------------+-------+--------------------------------------+
; Parameter Name ; Value ; Type                                 ;
+----------------+-------+--------------------------------------+
; on             ; 1     ; Unsigned Binary                      ;
; off            ; 0     ; Unsigned Binary                      ;
+----------------+-------+--------------------------------------+
Note: In order to hide this table in the UI and the text report file, please set the "Show Parameter Settings in Synthesis Report" option in "Analysis and Synthesis Settings -> More Settings" to "Off".


+--------------------------------------------------------------+
; Parameter Settings for User Entity Instance: normalLight:six ;
+----------------+-------+-------------------------------------+
; Parameter Name ; Value ; Type                                ;
+----------------+-------+-------------------------------------+
; on             ; 1     ; Unsigned Binary                     ;
; off            ; 0     ; Unsigned Binary                     ;
+----------------+-------+-------------------------------------+
Note: In order to hide this table in the UI and the text report file, please set the "Show Parameter Settings in Synthesis Report" option in "Analysis and Synthesis Settings -> More Settings" to "Off".


+----------------------------------------------------------------+
; Parameter Settings for User Entity Instance: normalLight:seven ;
+----------------+-------+---------------------------------------+
; Parameter Name ; Value ; Type                                  ;
+----------------+-------+---------------------------------------+
; on             ; 1     ; Unsigned Binary                       ;
; off            ; 0     ; Unsigned Binary                       ;
+----------------+-------+---------------------------------------+
Note: In order to hide this table in the UI and the text report file, please set the "Show Parameter Settings in Synthesis Report" option in "Analysis and Synthesis Settings -> More Settings" to "Off".


+----------------------------------------------------------------+
; Parameter Settings for User Entity Instance: normalLight:eight ;
+----------------+-------+---------------------------------------+
; Parameter Name ; Value ; Type                                  ;
+----------------+-------+---------------------------------------+
; on             ; 1     ; Unsigned Binary                       ;
; off            ; 0     ; Unsigned Binary                       ;
+----------------+-------+---------------------------------------+
Note: In order to hide this table in the UI and the text report file, please set the "Show Parameter Settings in Synthesis Report" option in "Analysis and Synthesis Settings -> More Settings" to "Off".


+---------------------------------------------------------------+
; Parameter Settings for User Entity Instance: normalLight:nine ;
+----------------+-------+--------------------------------------+
; Parameter Name ; Value ; Type                                 ;
+----------------+-------+--------------------------------------+
; on             ; 1     ; Unsigned Binary                      ;
; off            ; 0     ; Unsigned Binary                      ;
+----------------+-------+--------------------------------------+
Note: In order to hide this table in the UI and the text report file, please set the "Show Parameter Settings in Synthesis Report" option in "Analysis and Synthesis Settings -> More Settings" to "Off".


+-----------------------------------------------------------------+
; Port Connectivity Checks: "compButton:comp|comparator:computer" ;
+------+-------+----------+---------------------------------------+
; Port ; Type  ; Severity ; Details                               ;
+------+-------+----------+---------------------------------------+
; A[9] ; Input ; Info     ; Stuck at GND                          ;
+------+-------+----------+---------------------------------------+


+----------------------------------------------+
; Port Connectivity Checks: "normalLight:nine" ;
+------+-------+----------+--------------------+
; Port ; Type  ; Severity ; Details            ;
+------+-------+----------+--------------------+
; NL   ; Input ; Info     ; Stuck at GND       ;
+------+-------+----------+--------------------+


+---------------------------------------------+
; Port Connectivity Checks: "normalLight:one" ;
+------+-------+----------+-------------------+
; Port ; Type  ; Severity ; Details           ;
+------+-------+----------+-------------------+
; NR   ; Input ; Info     ; Stuck at GND      ;
+------+-------+----------+-------------------+


+----------------------------------------------------------------------------------------------------------------------------------+
; Port Connectivity Checks: "clock_divider:cdiv"                                                                                   ;
+------------------------+--------+----------+-------------------------------------------------------------------------------------+
; Port                   ; Type   ; Severity ; Details                                                                             ;
+------------------------+--------+----------+-------------------------------------------------------------------------------------+
; divided_clocks[31..16] ; Output ; Info     ; Connected to dangling logic. Logic that only feeds a dangling port will be removed. ;
; divided_clocks[14..0]  ; Output ; Info     ; Connected to dangling logic. Logic that only feeds a dangling port will be removed. ;
+------------------------+--------+----------+-------------------------------------------------------------------------------------+


+-----------------------------------------------------+
; Post-Synthesis Netlist Statistics for Top Partition ;
+-----------------------+-----------------------------+
; Type                  ; Count                       ;
+-----------------------+-----------------------------+
; arriav_ff             ; 52                          ;
;     ENA SCLR          ; 4                           ;
;     SCLR              ; 11                          ;
;     SLD               ; 1                           ;
;     plain             ; 36                          ;
; arriav_lcell_comb     ; 74                          ;
;     arith             ; 15                          ;
;         1 data inputs ; 14                          ;
;         2 data inputs ; 1                           ;
;     normal            ; 59                          ;
;         0 data inputs ; 2                           ;
;         1 data inputs ; 6                           ;
;         2 data inputs ; 6                           ;
;         3 data inputs ; 16                          ;
;         4 data inputs ; 6                           ;
;         5 data inputs ; 4                           ;
;         6 data inputs ; 19                          ;
; boundary_port         ; 67                          ;
;                       ;                             ;
; Max LUT depth         ; 3.00                        ;
; Average LUT depth     ; 1.77                        ;
+-----------------------+-----------------------------+


+-------------------------------+
; Elapsed Time Per Partition    ;
+----------------+--------------+
; Partition Name ; Elapsed Time ;
+----------------+--------------+
; Top            ; 00:00:00     ;
+----------------+--------------+


+-------------------------------+
; Analysis & Synthesis Messages ;
+-------------------------------+
Info: *******************************************************************
Info: Running Quartus Prime Analysis & Synthesis
    Info: Version 17.0.0 Build 595 04/25/2017 SJ Lite Edition
    Info: Processing started: Fri Dec 03 17:43:42 2021
Info: Command: quartus_map --read_settings_files=on --write_settings_files=off DE1_SoC -c DE1_SoC
Info (20030): Parallel compilation is enabled and will use 6 of the 6 processors detected
Info (12021): Found 3 design units, including 3 entities, in source file de1_soc.sv
    Info (12023): Found entity 1: DE1_SoC File: D:/EE271/ee271labs/lab7git_test/DE1_SoC.sv Line: 1
    Info (12023): Found entity 2: clock_divider File: D:/EE271/ee271labs/lab7git_test/DE1_SoC.sv Line: 66
    Info (12023): Found entity 3: DE1_SoC_testbench File: D:/EE271/ee271labs/lab7git_test/DE1_SoC.sv Line: 76
Info (12021): Found 2 design units, including 2 entities, in source file centerlight.sv
    Info (12023): Found entity 1: centerLight File: D:/EE271/ee271labs/lab7git_test/centerLight.sv Line: 1
    Info (12023): Found entity 2: centerLight_testbench File: D:/EE271/ee271labs/lab7git_test/centerLight.sv Line: 24
Info (12021): Found 2 design units, including 2 entities, in source file userinput.sv
    Info (12023): Found entity 1: userInput File: D:/EE271/ee271labs/lab7git_test/userInput.sv Line: 1
    Info (12023): Found entity 2: userInput_testbench File: D:/EE271/ee271labs/lab7git_test/userInput.sv Line: 34
Info (12021): Found 2 design units, including 2 entities, in source file lfsr.sv
    Info (12023): Found entity 1: LFSR File: D:/EE271/ee271labs/lab7git_test/LFSR.sv Line: 1
    Info (12023): Found entity 2: LFSR_testbench File: D:/EE271/ee271labs/lab7git_test/LFSR.sv Line: 20
Info (12021): Found 2 design units, including 2 entities, in source file comparator.sv
    Info (12023): Found entity 1: comparator File: D:/EE271/ee271labs/lab7git_test/comparator.sv Line: 1
    Info (12023): Found entity 2: comparator_testbench File: D:/EE271/ee271labs/lab7git_test/comparator.sv Line: 13
Info (12021): Found 1 design units, including 1 entities, in source file doubleflip.sv
    Info (12023): Found entity 1: doubleFlip File: D:/EE271/ee271labs/lab7git_test/doubleFlip.sv Line: 1
Info (12021): Found 2 design units, including 2 entities, in source file victory.sv
    Info (12023): Found entity 1: victory File: D:/EE271/ee271labs/lab7git_test/victory.sv Line: 1
    Info (12023): Found entity 2: victory_testbench File: D:/EE271/ee271labs/lab7git_test/victory.sv Line: 104
Info (12021): Found 2 design units, including 2 entities, in source file normallight.sv
    Info (12023): Found entity 1: normalLight File: D:/EE271/ee271labs/lab7git_test/normalLight.sv Line: 1
    Info (12023): Found entity 2: normalLight_testbench File: D:/EE271/ee271labs/lab7git_test/normalLight.sv Line: 24
Info (12021): Found 2 design units, including 2 entities, in source file compbutton.sv
    Info (12023): Found entity 1: compButton File: D:/EE271/ee271labs/lab7git_test/compButton.sv Line: 1
    Info (12023): Found entity 2: compButton_testbench File: D:/EE271/ee271labs/lab7git_test/compButton.sv Line: 15
Warning (10236): Verilog HDL Implicit Net warning at DE1_SoC.sv(36): created implicit net for "playAgain" File: D:/EE271/ee271labs/lab7git_test/DE1_SoC.sv Line: 36
Info (12127): Elaborating entity "DE1_SoC" for the top level hierarchy
Info (12128): Elaborating entity "clock_divider" for hierarchy "clock_divider:cdiv" File: D:/EE271/ee271labs/lab7git_test/DE1_SoC.sv Line: 11
Info (12128): Elaborating entity "doubleFlip" for hierarchy "doubleFlip:ff1" File: D:/EE271/ee271labs/lab7git_test/DE1_SoC.sv Line: 27
Info (12128): Elaborating entity "userInput" for hierarchy "userInput:player" File: D:/EE271/ee271labs/lab7git_test/DE1_SoC.sv Line: 31
Info (12128): Elaborating entity "normalLight" for hierarchy "normalLight:one" File: D:/EE271/ee271labs/lab7git_test/DE1_SoC.sv Line: 36
Info (12128): Elaborating entity "centerLight" for hierarchy "centerLight:five" File: D:/EE271/ee271labs/lab7git_test/DE1_SoC.sv Line: 41
Info (12128): Elaborating entity "LFSR" for hierarchy "LFSR:random" File: D:/EE271/ee271labs/lab7git_test/DE1_SoC.sv Line: 52
Info (12128): Elaborating entity "compButton" for hierarchy "compButton:comp" File: D:/EE271/ee271labs/lab7git_test/DE1_SoC.sv Line: 53
Info (12128): Elaborating entity "comparator" for hierarchy "compButton:comp|comparator:computer" File: D:/EE271/ee271labs/lab7git_test/compButton.sv Line: 12
Info (12128): Elaborating entity "victory" for hierarchy "victory:matchEnds" File: D:/EE271/ee271labs/lab7git_test/DE1_SoC.sv Line: 57
Warning (10230): Verilog HDL assignment warning at victory.sv(31): truncated value with size 32 to match size of target (3) File: D:/EE271/ee271labs/lab7git_test/victory.sv Line: 31
Warning (10230): Verilog HDL assignment warning at victory.sv(37): truncated value with size 32 to match size of target (3) File: D:/EE271/ee271labs/lab7git_test/victory.sv Line: 37
Info (286030): Timing-Driven Synthesis is running
Info (17049): 16 registers lost all their fanouts during netlist optimizations.
Info (144001): Generated suppressed messages file D:/EE271/ee271labs/lab7git_test/output_files/DE1_SoC.map.smsg
Info (16010): Generating hard_block partition "hard_block:auto_generated_inst"
    Info (16011): Adding 0 node(s), including 0 DDIO, 0 PLL, 0 transceiver and 0 LCELL
Info (21057): Implemented 148 device resources after synthesis - the final resource count might be different
    Info (21058): Implemented 15 input pins
    Info (21059): Implemented 52 output pins
    Info (21061): Implemented 81 logic cells
Info: Quartus Prime Analysis & Synthesis was successful. 0 errors, 3 warnings
    Info: Peak virtual memory: 4851 megabytes
    Info: Processing ended: Fri Dec 03 17:43:53 2021
    Info: Elapsed time: 00:00:11
    Info: Total CPU time (on all processors): 00:00:22


+------------------------------------------+
; Analysis & Synthesis Suppressed Messages ;
+------------------------------------------+
The suppressed messages can be found in D:/EE271/ee271labs/lab7git_test/output_files/DE1_SoC.map.smsg.


